Gurobi Solver constructor 
gurobi.GRB loaded 
gurobi.GRBEnv loaded 
gurobi.GRB$DoubleParam loaded 
gurobi.GRB$IntParam loaded 
gurobi.GRBModel loaded 
optimize 
Ec_iAF1260_anaerobic_glc10_acetate
gurobi.GRBCallback loaded 
gurobi.GRBVar loaded 
gurobi.GRB loaded 
gurobi.GRB loaded 
gurobi.GRB loaded 
gurobi.GRB loaded 
gurobi.GRB loaded 
gurobi.GRB loaded 
gurobi.GRB loaded 
gurobi.GRB loaded 
gurobi.GRB loaded 
gurobi.GRB loaded 
gurobi.GRB loaded 
gurobi.GRB loaded 
gurobi.GRB loaded 
gurobi.GRB loaded 
gurobi.GRB loaded 
gurobi.GRB loaded 
gurobi.GRB loaded 
gurobi.GRB loaded 
gurobi.GRB loaded 
gurobi.GRB loaded 
gurobi.GRB loaded 
gurobi.GRB loaded 
gurobi.GRB loaded 
gurobi.GRB loaded 
gurobi.GRB loaded 
gurobi.GRB loaded 
gurobi.GRB loaded 
gurobi.GRB loaded 
gurobi.GRB loaded 
gurobi.GRB loaded 
gurobi.GRB loaded 
gurobi.GRB loaded 
gurobi.GRB loaded 
gurobi.GRB loaded 
gurobi.GRB loaded 
gurobi.GRB loaded 
gurobi.GRB loaded 
gurobi.GRB loaded 
gurobi.GRB loaded 
gurobi.GRB loaded 
gurobi.GRB loaded 
gurobi.GRB loaded 
gurobi.GRB loaded 
gurobi.GRB loaded 
gurobi.GRB loaded 
gurobi.GRB loaded 
gurobi.GRB loaded 
gurobi.GRB loaded 
gurobi.GRB loaded 
gurobi.GRB loaded 
gurobi.GRB loaded 
gurobi.GRB loaded 
gurobi.GRB loaded 
gurobi.GRB loaded 
gurobi.GRB loaded 
gurobi.GRB loaded 
gurobi.GRB loaded 
gurobi.GRB loaded 
gurobi.GRB loaded 
gurobi.GRB loaded 
gurobi.GRB loaded 
gurobi.GRB loaded 
gurobi.GRB loaded 
gurobi.GRB loaded 
gurobi.GRB loaded 
gurobi.GRB loaded 
gurobi.GRB loaded 
gurobi.GRB loaded 
gurobi.GRB loaded 
gurobi.GRB loaded 
gurobi.GRB loaded 
gurobi.GRB loaded 
gurobi.GRB loaded 
gurobi.GRB loaded 
gurobi.GRB loaded 
gurobi.GRB loaded 
gurobi.GRB loaded 
gurobi.GRB loaded 
gurobi.GRB loaded 
gurobi.GRB loaded 
gurobi.GRB loaded 
gurobi.GRB loaded 
gurobi.GRB loaded 
gurobi.GRB loaded 
gurobi.GRB loaded 
gurobi.GRB loaded 
gurobi.GRB loaded 
gurobi.GRB loaded 
gurobi.GRB loaded 
gurobi.GRB loaded 
gurobi.GRB loaded 
gurobi.GRB loaded 
gurobi.GRB loaded 
gurobi.GRB loaded 
gurobi.GRB loaded 
gurobi.GRB loaded 
gurobi.GRB loaded 
gurobi.GRB loaded 
gurobi.GRB loaded 
gurobi.GRB loaded 
gurobi.GRB loaded 
gurobi.GRB loaded 
gurobi.GRB loaded 
gurobi.GRB loaded 
gurobi.GRB loaded 
gurobi.GRB loaded 
gurobi.GRB loaded 
gurobi.GRB loaded 
gurobi.GRB loaded 
gurobi.GRB loaded 
gurobi.GRB loaded 
gurobi.GRB loaded 
gurobi.GRB loaded 
gurobi.GRB loaded 
gurobi.GRB loaded 
gurobi.GRB loaded 
gurobi.GRB loaded 
gurobi.GRB loaded 
gurobi.GRB loaded 
gurobi.GRB loaded 
gurobi.GRB loaded 
gurobi.GRB loaded 
gurobi.GRB loaded 
gurobi.GRB loaded 
gurobi.GRB loaded 
gurobi.GRB loaded 
gurobi.GRB loaded 
gurobi.GRB loaded 
gurobi.GRB loaded 
gurobi.GRB loaded 
gurobi.GRB loaded 
gurobi.GRB loaded 
gurobi.GRB loaded 
gurobi.GRB loaded 
gurobi.GRB loaded 
gurobi.GRB loaded 
gurobi.GRB loaded 
gurobi.GRB loaded 
gurobi.GRB loaded 
gurobi.GRB loaded 
gurobi.GRB loaded 
gurobi.GRB loaded 
gurobi.GRB loaded 
gurobi.GRB loaded 
gurobi.GRB loaded 
gurobi.GRB loaded 
gurobi.GRB loaded 
gurobi.GRB loaded 
gurobi.GRB loaded 
gurobi.GRB loaded 
gurobi.GRB loaded 
gurobi.GRB loaded 
gurobi.GRB loaded 
gurobi.GRB loaded 
gurobi.GRB loaded 
gurobi.GRB loaded 
gurobi.GRB loaded 
gurobi.GRB loaded 
gurobi.GRB loaded 
gurobi.GRB loaded 
gurobi.GRB loaded 
gurobi.GRB loaded 
gurobi.GRB loaded 
gurobi.GRB loaded 
gurobi.GRB loaded 
gurobi.GRB loaded 
gurobi.GRB loaded 
gurobi.GRB loaded 
gurobi.GRB loaded 
gurobi.GRB loaded 
gurobi.GRB loaded 
gurobi.GRB loaded 
gurobi.GRB loaded 
gurobi.GRB loaded 
gurobi.GRB loaded 
gurobi.GRB loaded 
gurobi.GRB loaded 
gurobi.GRB loaded 
gurobi.GRB loaded 
gurobi.GRB loaded 
gurobi.GRB loaded 
gurobi.GRB loaded 
gurobi.GRB loaded 
gurobi.GRB loaded 
gurobi.GRB loaded 
gurobi.GRB loaded 
gurobi.GRB loaded 
gurobi.GRB loaded 
gurobi.GRB loaded 
gurobi.GRB loaded 
gurobi.GRB loaded 
gurobi.GRB loaded 
gurobi.GRB loaded 
gurobi.GRB loaded 
gurobi.GRB loaded 
gurobi.GRB loaded 
gurobi.GRB loaded 
gurobi.GRB loaded 
gurobi.GRB loaded 
gurobi.GRB loaded 
gurobi.GRB loaded 
gurobi.GRB loaded 
gurobi.GRB loaded 
gurobi.GRB loaded 
gurobi.GRB loaded 
gurobi.GRB loaded 
gurobi.GRB loaded 
gurobi.GRB loaded 
gurobi.GRB loaded 
gurobi.GRB loaded 
gurobi.GRB loaded 
gurobi.GRB loaded 
gurobi.GRB loaded 
gurobi.GRB loaded 
gurobi.GRB loaded 
gurobi.GRB loaded 
gurobi.GRB loaded 
gurobi.GRB loaded 
gurobi.GRB loaded 
gurobi.GRB loaded 
gurobi.GRB loaded 
gurobi.GRB loaded 
gurobi.GRB loaded 
gurobi.GRB loaded 
gurobi.GRB loaded 
gurobi.GRB loaded 
gurobi.GRB loaded 
gurobi.GRB loaded 
gurobi.GRB loaded 
gurobi.GRB loaded 
gurobi.GRB loaded 
gurobi.GRB loaded 
gurobi.GRB loaded 
gurobi.GRB loaded 
gurobi.GRB loaded 
gurobi.GRB loaded 
gurobi.GRB loaded 
gurobi.GRB loaded 
gurobi.GRB loaded 
gurobi.GRB loaded 
gurobi.GRB loaded 
gurobi.GRB loaded 
gurobi.GRB loaded 
gurobi.GRB loaded 
gurobi.GRB loaded 
gurobi.GRB loaded 
gurobi.GRB loaded 
gurobi.GRB loaded 
gurobi.GRB loaded 
gurobi.GRB loaded 
gurobi.GRB loaded 
gurobi.GRB loaded 
gurobi.GRB loaded 
gurobi.GRB loaded 
gurobi.GRB loaded 
gurobi.GRB loaded 
gurobi.GRB loaded 
gurobi.GRB loaded 
gurobi.GRB loaded 
gurobi.GRB loaded 
gurobi.GRB loaded 
gurobi.GRB loaded 
gurobi.GRB loaded 
gurobi.GRB loaded 
gurobi.GRB loaded 
gurobi.GRB loaded 
gurobi.GRB loaded 
gurobi.GRB loaded 
gurobi.GRB loaded 
gurobi.GRB loaded 
gurobi.GRB loaded 
gurobi.GRB loaded 
gurobi.GRB loaded 
gurobi.GRB loaded 
gurobi.GRB loaded 
gurobi.GRB loaded 
gurobi.GRB loaded 
gurobi.GRB loaded 
gurobi.GRB loaded 
gurobi.GRB loaded 
gurobi.GRB loaded 
gurobi.GRB loaded 
gurobi.GRB loaded 
gurobi.GRB loaded 
gurobi.GRB loaded 
gurobi.GRB loaded 
gurobi.GRB loaded 
gurobi.GRB loaded 
gurobi.GRB loaded 
gurobi.GRB loaded 
gurobi.GRB loaded 
gurobi.GRB loaded 
gurobi.GRB loaded 
gurobi.GRB loaded 
gurobi.GRB loaded 
gurobi.GRB loaded 
gurobi.GRB loaded 
gurobi.GRB loaded 
gurobi.GRB loaded 
gurobi.GRB loaded 
gurobi.GRB loaded 
gurobi.GRB loaded 
gurobi.GRB loaded 
gurobi.GRB loaded 
gurobi.GRB loaded 
gurobi.GRB loaded 
gurobi.GRB loaded 
gurobi.GRB loaded 
gurobi.GRB loaded 
gurobi.GRB loaded 
gurobi.GRB loaded 
gurobi.GRB loaded 
gurobi.GRB loaded 
gurobi.GRB loaded 
gurobi.GRB loaded 
gurobi.GRB loaded 
gurobi.GRB loaded 
gurobi.GRB loaded 
gurobi.GRB loaded 
gurobi.GRB loaded 
gurobi.GRB loaded 
gurobi.GRB loaded 
gurobi.GRB loaded 
gurobi.GRB loaded 
gurobi.GRB loaded 
gurobi.GRB loaded 
gurobi.GRB loaded 
gurobi.GRB loaded 
gurobi.GRB loaded 
gurobi.GRB loaded 
gurobi.GRB loaded 
gurobi.GRB loaded 
gurobi.GRB loaded 
gurobi.GRB loaded 
gurobi.GRB loaded 
gurobi.GRB loaded 
gurobi.GRB loaded 
gurobi.GRB loaded 
gurobi.GRB loaded 
gurobi.GRB loaded 
gurobi.GRB loaded 
gurobi.GRB loaded 
gurobi.GRB loaded 
gurobi.GRB loaded 
gurobi.GRB loaded 
gurobi.GRB loaded 
gurobi.GRB loaded 
gurobi.GRB loaded 
gurobi.GRB loaded 
gurobi.GRB loaded 
gurobi.GRB loaded 
gurobi.GRB loaded 
gurobi.GRB loaded 
gurobi.GRB loaded 
gurobi.GRB loaded 
gurobi.GRB loaded 
gurobi.GRB loaded 
gurobi.GRB loaded 
gurobi.GRB loaded 
gurobi.GRB loaded 
gurobi.GRB loaded 
gurobi.GRB loaded 
gurobi.GRB loaded 
gurobi.GRB loaded 
gurobi.GRB loaded 
gurobi.GRB loaded 
gurobi.GRB loaded 
gurobi.GRB loaded 
gurobi.GRB loaded 
gurobi.GRB loaded 
gurobi.GRB loaded 
gurobi.GRB loaded 
gurobi.GRB loaded 
gurobi.GRB loaded 
gurobi.GRB loaded 
gurobi.GRB loaded 
gurobi.GRB loaded 
gurobi.GRB loaded 
gurobi.GRB loaded 
gurobi.GRB loaded 
gurobi.GRB loaded 
gurobi.GRB loaded 
gurobi.GRB loaded 
gurobi.GRB loaded 
gurobi.GRB loaded 
gurobi.GRB loaded 
gurobi.GRB loaded 
gurobi.GRB loaded 
gurobi.GRB loaded 
gurobi.GRB loaded 
gurobi.GRB loaded 
gurobi.GRB loaded 
gurobi.GRB loaded 
gurobi.GRB loaded 
gurobi.GRB loaded 
gurobi.GRB loaded 
gurobi.GRB loaded 
gurobi.GRB loaded 
gurobi.GRB loaded 
gurobi.GRB loaded 
gurobi.GRB loaded 
gurobi.GRB loaded 
gurobi.GRB loaded 
gurobi.GRB loaded 
gurobi.GRB loaded 
gurobi.GRB loaded 
gurobi.GRB loaded 
gurobi.GRB loaded 
gurobi.GRB loaded 
gurobi.GRB loaded 
gurobi.GRB loaded 
gurobi.GRB loaded 
gurobi.GRB loaded 
gurobi.GRB loaded 
gurobi.GRB loaded 
gurobi.GRB loaded 
gurobi.GRB loaded 
gurobi.GRB loaded 
gurobi.GRB loaded 
gurobi.GRB loaded 
gurobi.GRB loaded 
gurobi.GRB loaded 
gurobi.GRB loaded 
gurobi.GRB loaded 
gurobi.GRB loaded 
gurobi.GRB loaded 
gurobi.GRB loaded 
gurobi.GRB loaded 
gurobi.GRB loaded 
gurobi.GRB loaded 
gurobi.GRB loaded 
gurobi.GRB loaded 
gurobi.GRB loaded 
gurobi.GRB loaded 
gurobi.GRB loaded 
gurobi.GRB loaded 
gurobi.GRB loaded 
gurobi.GRB loaded 
gurobi.GRB loaded 
gurobi.GRB loaded 
gurobi.GRB loaded 
gurobi.GRB loaded 
gurobi.GRB loaded 
gurobi.GRB loaded 
gurobi.GRB loaded 
gurobi.GRB loaded 
gurobi.GRB loaded 
gurobi.GRB loaded 
gurobi.GRB loaded 
gurobi.GRB loaded 
gurobi.GRB loaded 
gurobi.GRB loaded 
gurobi.GRB loaded 
gurobi.GRB loaded 
gurobi.GRB loaded 
gurobi.GRB loaded 
gurobi.GRB loaded 
gurobi.GRB loaded 
gurobi.GRB loaded 
gurobi.GRB loaded 
gurobi.GRB loaded 
gurobi.GRB loaded 
gurobi.GRB loaded 
gurobi.GRB loaded 
gurobi.GRB loaded 
gurobi.GRB loaded 
gurobi.GRB loaded 
gurobi.GRB loaded 
gurobi.GRB loaded 
gurobi.GRB loaded 
gurobi.GRB loaded 
gurobi.GRB loaded 
gurobi.GRB loaded 
gurobi.GRB loaded 
gurobi.GRB loaded 
gurobi.GRB loaded 
gurobi.GRB loaded 
gurobi.GRB loaded 
gurobi.GRB loaded 
gurobi.GRB loaded 
gurobi.GRB loaded 
gurobi.GRB loaded 
gurobi.GRB loaded 
gurobi.GRB loaded 
gurobi.GRB loaded 
gurobi.GRB loaded 
gurobi.GRB loaded 
gurobi.GRB loaded 
gurobi.GRB loaded 
gurobi.GRB loaded 
gurobi.GRB loaded 
gurobi.GRB loaded 
gurobi.GRB loaded 
gurobi.GRB loaded 
gurobi.GRB loaded 
gurobi.GRB loaded 
gurobi.GRB loaded 
gurobi.GRB loaded 
gurobi.GRB loaded 
gurobi.GRB loaded 
gurobi.GRB loaded 
gurobi.GRB loaded 
gurobi.GRB loaded 
gurobi.GRB loaded 
gurobi.GRB loaded 
gurobi.GRB loaded 
gurobi.GRB loaded 
gurobi.GRB loaded 
gurobi.GRB loaded 
gurobi.GRB loaded 
gurobi.GRB loaded 
gurobi.GRB loaded 
gurobi.GRB loaded 
gurobi.GRB loaded 
gurobi.GRB loaded 
gurobi.GRB loaded 
gurobi.GRB loaded 
gurobi.GRB loaded 
gurobi.GRB loaded 
gurobi.GRB loaded 
gurobi.GRB loaded 
gurobi.GRB loaded 
gurobi.GRB loaded 
gurobi.GRB loaded 
gurobi.GRB loaded 
gurobi.GRB loaded 
gurobi.GRB$DoubleAttr loaded 
